<?xml version="1.0" encoding="UTF-8"?>
<!-- Generated by org.testng.reporters.JUnitXMLReporter -->
<testsuite ignored="0" hostname="DESKTOP-7VHRGF3" failures="0" tests="10" name="Chrome test" time="22.583" errors="0" timestamp="2025-08-20T15:13:26 IST">
  <testcase classname="selp.test" name="Add_to_Item_to_Cart" time="0.398"/>
  <testcase classname="selp.test" name="Blank_Password" time="0.21"/>
  <testcase classname="selp.test" name="Blank_Username" time="0.219"/>
  <testcase classname="selp.test" name="Invalid_Password" time="0.205"/>
  <testcase classname="selp.test" name="Invalid_Username" time="0.25"/>
  <testcase classname="selp.test" name="Logout" time="1.27"/>
  <testcase classname="selp.test" name="Navigate_to_Homepage" time="0.552"/>
  <testcase classname="selp.test" name="Remove_Item_from_Cart" time="0.491"/>
  <testcase classname="selp.test" name="Valid_Login_Button" time="0.302"/>
  <testcase classname="selp.test" name="Valid_Login_Enter" time="0.269"/>
</testsuite> <!-- Chrome test -->
