<?xml version="1.0" encoding="UTF-8"?>
<!-- Generated by org.testng.reporters.JUnitXMLReporter -->
<testsuite ignored="0" hostname="DESKTOP-7VHRGF3" failures="0" tests="10" name="Default test2" time="66.472" errors="0" timestamp="2025-08-19T12:36:37 IST">
  <testcase classname="selp.test" name="Add_to_Item_to_Cart" time="0.787"/>
  <testcase classname="selp.test" name="Blank_Password" time="0.381"/>
  <testcase classname="selp.test" name="Blank_Username" time="0.363"/>
  <testcase classname="selp.test" name="Invalid_Password" time="0.461"/>
  <testcase classname="selp.test" name="Invalid_Username" time="0.424"/>
  <testcase classname="selp.test" name="Logout" time="1.21"/>
  <testcase classname="selp.test" name="Navigate_to_Homepage" time="1.371"/>
  <testcase classname="selp.test" name="Remove_Item_from_Cart" time="0.686"/>
  <testcase classname="selp.test" name="Valid_Login_Button" time="0.707"/>
  <testcase classname="selp.test" name="Valid_Login_Enter" time="0.497"/>
</testsuite> <!-- Default test2 -->
