<?xml version="1.0" encoding="UTF-8"?>
<!-- Generated by org.testng.reporters.JUnitXMLReporter -->
<testsuite ignored="9" hostname="DESKTOP-7VHRGF3" failures="0" tests="1" name="Default test" time="4.21" errors="0" timestamp="2025-08-19T13:59:43 IST">
  <testcase classname="selp.test" name="Logout" time="1.261"/>
  <testcase classname="selp.test" name="Blank_Password" time="0.0">
    <ignored/>
  </testcase> <!-- Blank_Password -->
  <testcase classname="selp.test" name="Add_to_Item_to_Cart" time="0.0">
    <ignored/>
  </testcase> <!-- Add_to_Item_to_Cart -->
  <testcase classname="selp.test" name="Valid_Login_Enter" time="0.0">
    <ignored/>
  </testcase> <!-- Valid_Login_Enter -->
  <testcase classname="selp.test" name="Invalid_Password" time="0.0">
    <ignored/>
  </testcase> <!-- Invalid_Password -->
  <testcase classname="selp.test" name="Blank_Username" time="0.0">
    <ignored/>
  </testcase> <!-- Blank_Username -->
  <testcase classname="selp.test" name="Navigate_to_Homepage" time="0.0">
    <ignored/>
  </testcase> <!-- Navigate_to_Homepage -->
  <testcase classname="selp.test" name="Valid_Login_Button" time="0.0">
    <ignored/>
  </testcase> <!-- Valid_Login_Button -->
  <testcase classname="selp.test" name="Remove_Item_from_Cart" time="0.0">
    <ignored/>
  </testcase> <!-- Remove_Item_from_Cart -->
  <testcase classname="selp.test" name="Invalid_Username" time="0.0">
    <ignored/>
  </testcase> <!-- Invalid_Username -->
</testsuite> <!-- Default test -->
