<?xml version="1.0" encoding="UTF-8"?>
<!-- Generated by org.testng.reporters.JUnitXMLReporter -->
<testsuite ignored="0" hostname="DESKTOP-7VHRGF3" failures="0" tests="10" name="Firefox test" time="70.784" errors="0" timestamp="2025-08-20T15:14:37 IST">
  <testcase classname="selp.test" name="Add_to_Item_to_Cart" time="0.628"/>
  <testcase classname="selp.test" name="Blank_Password" time="0.493"/>
  <testcase classname="selp.test" name="Blank_Username" time="0.216"/>
  <testcase classname="selp.test" name="Invalid_Password" time="0.537"/>
  <testcase classname="selp.test" name="Invalid_Username" time="0.429"/>
  <testcase classname="selp.test" name="Logout" time="1.191"/>
  <testcase classname="selp.test" name="Navigate_to_Homepage" time="0.906"/>
  <testcase classname="selp.test" name="Remove_Item_from_Cart" time="0.868"/>
  <testcase classname="selp.test" name="Valid_Login_Button" time="0.685"/>
  <testcase classname="selp.test" name="Valid_Login_Enter" time="0.646"/>
</testsuite> <!-- Firefox test -->
