<?xml version="1.0" encoding="UTF-8"?>
<testng-results ignored="0" total="20" passed="20" failed="0" skipped="0">
  <reporter-output>
  </reporter-output>
  <suite started-at="2025-08-20T15:13:03 IST" name="Default suite" finished-at="2025-08-20T15:14:37 IST" duration-ms="93418">
    <groups>
    </groups>
    <test started-at="2025-08-20T15:13:03 IST" name="Chrome test" finished-at="2025-08-20T15:13:26 IST" duration-ms="22583">
      <class name="selp.test">
        <test-method is-config="true" signature="BrowserSetup()[pri:0, instance:selp.test@1ff4931d]" started-at="2025-08-20T15:13:03 IST" name="BrowserSetup" finished-at="2025-08-20T15:13:03 IST" duration-ms="16" status="PASS">
          <reporter-output>
          </reporter-output>
        </test-method> <!-- BrowserSetup -->
        <test-method is-config="true" signature="BrowserLoginSetup(java.lang.String)[pri:0, instance:selp.test@1ff4931d]" started-at="2025-08-20T15:13:03 IST" name="BrowserLoginSetup" finished-at="2025-08-20T15:13:07 IST" duration-ms="3650" status="PASS">
          <params>
            <param index="0">
              <value>
                <![CDATA[chrome]]>
              </value>
            </param>
          </params>
          <reporter-output>
          </reporter-output>
        </test-method> <!-- BrowserLoginSetup -->
        <test-method signature="Add_to_Item_to_Cart()[pri:0, instance:selp.test@1ff4931d]" started-at="2025-08-20T15:13:07 IST" name="Add_to_Item_to_Cart" finished-at="2025-08-20T15:13:07 IST" duration-ms="398" status="PASS">
          <reporter-output>
          </reporter-output>
        </test-method> <!-- Add_to_Item_to_Cart -->
        <test-method is-config="true" signature="BrowserTearDown()[pri:0, instance:selp.test@1ff4931d]" started-at="2025-08-20T15:13:07 IST" name="BrowserTearDown" finished-at="2025-08-20T15:13:08 IST" duration-ms="188" status="PASS">
          <reporter-output>
          </reporter-output>
        </test-method> <!-- BrowserTearDown -->
        <test-method is-config="true" signature="BrowserLoginSetup(java.lang.String)[pri:0, instance:selp.test@1ff4931d]" started-at="2025-08-20T15:13:08 IST" name="BrowserLoginSetup" finished-at="2025-08-20T15:13:09 IST" duration-ms="1508" status="PASS">
          <params>
            <param index="0">
              <value>
                <![CDATA[chrome]]>
              </value>
            </param>
          </params>
          <reporter-output>
          </reporter-output>
        </test-method> <!-- BrowserLoginSetup -->
        <test-method signature="Blank_Password()[pri:0, instance:selp.test@1ff4931d]" started-at="2025-08-20T15:13:09 IST" name="Blank_Password" finished-at="2025-08-20T15:13:09 IST" duration-ms="210" status="PASS">
          <reporter-output>
          </reporter-output>
        </test-method> <!-- Blank_Password -->
        <test-method is-config="true" signature="BrowserTearDown()[pri:0, instance:selp.test@1ff4931d]" started-at="2025-08-20T15:13:09 IST" name="BrowserTearDown" finished-at="2025-08-20T15:13:09 IST" duration-ms="184" status="PASS">
          <reporter-output>
          </reporter-output>
        </test-method> <!-- BrowserTearDown -->
        <test-method is-config="true" signature="BrowserLoginSetup(java.lang.String)[pri:0, instance:selp.test@1ff4931d]" started-at="2025-08-20T15:13:09 IST" name="BrowserLoginSetup" finished-at="2025-08-20T15:13:11 IST" duration-ms="1400" status="PASS">
          <params>
            <param index="0">
              <value>
                <![CDATA[chrome]]>
              </value>
            </param>
          </params>
          <reporter-output>
          </reporter-output>
        </test-method> <!-- BrowserLoginSetup -->
        <test-method signature="Blank_Username()[pri:0, instance:selp.test@1ff4931d]" started-at="2025-08-20T15:13:11 IST" name="Blank_Username" finished-at="2025-08-20T15:13:11 IST" duration-ms="219" status="PASS">
          <reporter-output>
          </reporter-output>
        </test-method> <!-- Blank_Username -->
        <test-method is-config="true" signature="BrowserTearDown()[pri:0, instance:selp.test@1ff4931d]" started-at="2025-08-20T15:13:11 IST" name="BrowserTearDown" finished-at="2025-08-20T15:13:11 IST" duration-ms="188" status="PASS">
          <reporter-output>
          </reporter-output>
        </test-method> <!-- BrowserTearDown -->
        <test-method is-config="true" signature="BrowserLoginSetup(java.lang.String)[pri:0, instance:selp.test@1ff4931d]" started-at="2025-08-20T15:13:11 IST" name="BrowserLoginSetup" finished-at="2025-08-20T15:13:13 IST" duration-ms="1482" status="PASS">
          <params>
            <param index="0">
              <value>
                <![CDATA[chrome]]>
              </value>
            </param>
          </params>
          <reporter-output>
          </reporter-output>
        </test-method> <!-- BrowserLoginSetup -->
        <test-method signature="Invalid_Password()[pri:0, instance:selp.test@1ff4931d]" started-at="2025-08-20T15:13:13 IST" name="Invalid_Password" finished-at="2025-08-20T15:13:13 IST" duration-ms="205" status="PASS">
          <reporter-output>
          </reporter-output>
        </test-method> <!-- Invalid_Password -->
        <test-method is-config="true" signature="BrowserTearDown()[pri:0, instance:selp.test@1ff4931d]" started-at="2025-08-20T15:13:13 IST" name="BrowserTearDown" finished-at="2025-08-20T15:13:13 IST" duration-ms="240" status="PASS">
          <reporter-output>
          </reporter-output>
        </test-method> <!-- BrowserTearDown -->
        <test-method is-config="true" signature="BrowserLoginSetup(java.lang.String)[pri:0, instance:selp.test@1ff4931d]" started-at="2025-08-20T15:13:13 IST" name="BrowserLoginSetup" finished-at="2025-08-20T15:13:15 IST" duration-ms="1388" status="PASS">
          <params>
            <param index="0">
              <value>
                <![CDATA[chrome]]>
              </value>
            </param>
          </params>
          <reporter-output>
          </reporter-output>
        </test-method> <!-- BrowserLoginSetup -->
        <test-method signature="Invalid_Username()[pri:0, instance:selp.test@1ff4931d]" started-at="2025-08-20T15:13:15 IST" name="Invalid_Username" finished-at="2025-08-20T15:13:15 IST" duration-ms="250" status="PASS">
          <reporter-output>
          </reporter-output>
        </test-method> <!-- Invalid_Username -->
        <test-method is-config="true" signature="BrowserTearDown()[pri:0, instance:selp.test@1ff4931d]" started-at="2025-08-20T15:13:15 IST" name="BrowserTearDown" finished-at="2025-08-20T15:13:15 IST" duration-ms="193" status="PASS">
          <reporter-output>
          </reporter-output>
        </test-method> <!-- BrowserTearDown -->
        <test-method is-config="true" signature="BrowserLoginSetup(java.lang.String)[pri:0, instance:selp.test@1ff4931d]" started-at="2025-08-20T15:13:15 IST" name="BrowserLoginSetup" finished-at="2025-08-20T15:13:16 IST" duration-ms="1290" status="PASS">
          <params>
            <param index="0">
              <value>
                <![CDATA[chrome]]>
              </value>
            </param>
          </params>
          <reporter-output>
          </reporter-output>
        </test-method> <!-- BrowserLoginSetup -->
        <test-method signature="Logout()[pri:0, instance:selp.test@1ff4931d]" started-at="2025-08-20T15:13:16 IST" name="Logout" finished-at="2025-08-20T15:13:18 IST" duration-ms="1270" status="PASS">
          <reporter-output>
          </reporter-output>
        </test-method> <!-- Logout -->
        <test-method is-config="true" signature="BrowserTearDown()[pri:0, instance:selp.test@1ff4931d]" started-at="2025-08-20T15:13:18 IST" name="BrowserTearDown" finished-at="2025-08-20T15:13:18 IST" duration-ms="179" status="PASS">
          <reporter-output>
          </reporter-output>
        </test-method> <!-- BrowserTearDown -->
        <test-method is-config="true" signature="BrowserLoginSetup(java.lang.String)[pri:0, instance:selp.test@1ff4931d]" started-at="2025-08-20T15:13:18 IST" name="BrowserLoginSetup" finished-at="2025-08-20T15:13:19 IST" duration-ms="1336" status="PASS">
          <params>
            <param index="0">
              <value>
                <![CDATA[chrome]]>
              </value>
            </param>
          </params>
          <reporter-output>
          </reporter-output>
        </test-method> <!-- BrowserLoginSetup -->
        <test-method signature="Navigate_to_Homepage()[pri:0, instance:selp.test@1ff4931d]" started-at="2025-08-20T15:13:19 IST" name="Navigate_to_Homepage" finished-at="2025-08-20T15:13:20 IST" duration-ms="552" status="PASS">
          <reporter-output>
          </reporter-output>
        </test-method> <!-- Navigate_to_Homepage -->
        <test-method is-config="true" signature="BrowserTearDown()[pri:0, instance:selp.test@1ff4931d]" started-at="2025-08-20T15:13:20 IST" name="BrowserTearDown" finished-at="2025-08-20T15:13:20 IST" duration-ms="196" status="PASS">
          <reporter-output>
          </reporter-output>
        </test-method> <!-- BrowserTearDown -->
        <test-method is-config="true" signature="BrowserLoginSetup(java.lang.String)[pri:0, instance:selp.test@1ff4931d]" started-at="2025-08-20T15:13:20 IST" name="BrowserLoginSetup" finished-at="2025-08-20T15:13:21 IST" duration-ms="1442" status="PASS">
          <params>
            <param index="0">
              <value>
                <![CDATA[chrome]]>
              </value>
            </param>
          </params>
          <reporter-output>
          </reporter-output>
        </test-method> <!-- BrowserLoginSetup -->
        <test-method signature="Remove_Item_from_Cart()[pri:0, instance:selp.test@1ff4931d]" started-at="2025-08-20T15:13:21 IST" name="Remove_Item_from_Cart" finished-at="2025-08-20T15:13:22 IST" duration-ms="491" status="PASS">
          <reporter-output>
          </reporter-output>
        </test-method> <!-- Remove_Item_from_Cart -->
        <test-method is-config="true" signature="BrowserTearDown()[pri:0, instance:selp.test@1ff4931d]" started-at="2025-08-20T15:13:22 IST" name="BrowserTearDown" finished-at="2025-08-20T15:13:22 IST" duration-ms="198" status="PASS">
          <reporter-output>
          </reporter-output>
        </test-method> <!-- BrowserTearDown -->
        <test-method is-config="true" signature="BrowserLoginSetup(java.lang.String)[pri:0, instance:selp.test@1ff4931d]" started-at="2025-08-20T15:13:22 IST" name="BrowserLoginSetup" finished-at="2025-08-20T15:13:23 IST" duration-ms="1401" status="PASS">
          <params>
            <param index="0">
              <value>
                <![CDATA[chrome]]>
              </value>
            </param>
          </params>
          <reporter-output>
          </reporter-output>
        </test-method> <!-- BrowserLoginSetup -->
        <test-method signature="Valid_Login_Button()[pri:0, instance:selp.test@1ff4931d]" started-at="2025-08-20T15:13:23 IST" name="Valid_Login_Button" finished-at="2025-08-20T15:13:24 IST" duration-ms="302" status="PASS">
          <reporter-output>
          </reporter-output>
        </test-method> <!-- Valid_Login_Button -->
        <test-method is-config="true" signature="BrowserTearDown()[pri:0, instance:selp.test@1ff4931d]" started-at="2025-08-20T15:13:24 IST" name="BrowserTearDown" finished-at="2025-08-20T15:13:24 IST" duration-ms="255" status="PASS">
          <reporter-output>
          </reporter-output>
        </test-method> <!-- BrowserTearDown -->
        <test-method is-config="true" signature="BrowserLoginSetup(java.lang.String)[pri:0, instance:selp.test@1ff4931d]" started-at="2025-08-20T15:13:24 IST" name="BrowserLoginSetup" finished-at="2025-08-20T15:13:25 IST" duration-ms="1431" status="PASS">
          <params>
            <param index="0">
              <value>
                <![CDATA[chrome]]>
              </value>
            </param>
          </params>
          <reporter-output>
          </reporter-output>
        </test-method> <!-- BrowserLoginSetup -->
        <test-method signature="Valid_Login_Enter()[pri:0, instance:selp.test@1ff4931d]" started-at="2025-08-20T15:13:25 IST" name="Valid_Login_Enter" finished-at="2025-08-20T15:13:26 IST" duration-ms="269" status="PASS">
          <reporter-output>
          </reporter-output>
        </test-method> <!-- Valid_Login_Enter -->
        <test-method is-config="true" signature="BrowserTearDown()[pri:0, instance:selp.test@1ff4931d]" started-at="2025-08-20T15:13:26 IST" name="BrowserTearDown" finished-at="2025-08-20T15:13:26 IST" duration-ms="182" status="PASS">
          <reporter-output>
          </reporter-output>
        </test-method> <!-- BrowserTearDown -->
      </class> <!-- selp.test -->
    </test> <!-- Chrome test -->
    <test started-at="2025-08-20T15:13:26 IST" name="Firefox test" finished-at="2025-08-20T15:14:37 IST" duration-ms="70784">
      <class name="selp.test">
        <test-method is-config="true" signature="BrowserSetup()[pri:0, instance:selp.test@687e99d8]" started-at="2025-08-20T15:13:26 IST" name="BrowserSetup" finished-at="2025-08-20T15:13:26 IST" duration-ms="1" status="PASS">
          <reporter-output>
          </reporter-output>
        </test-method> <!-- BrowserSetup -->
        <test-method is-config="true" signature="BrowserLoginSetup(java.lang.String)[pri:0, instance:selp.test@687e99d8]" started-at="2025-08-20T15:13:26 IST" name="BrowserLoginSetup" finished-at="2025-08-20T15:13:31 IST" duration-ms="5250" status="PASS">
          <params>
            <param index="0">
              <value>
                <![CDATA[firefox]]>
              </value>
            </param>
          </params>
          <reporter-output>
          </reporter-output>
        </test-method> <!-- BrowserLoginSetup -->
        <test-method signature="Add_to_Item_to_Cart()[pri:0, instance:selp.test@687e99d8]" started-at="2025-08-20T15:13:31 IST" name="Add_to_Item_to_Cart" finished-at="2025-08-20T15:13:32 IST" duration-ms="628" status="PASS">
          <reporter-output>
          </reporter-output>
        </test-method> <!-- Add_to_Item_to_Cart -->
        <test-method is-config="true" signature="BrowserTearDown()[pri:0, instance:selp.test@687e99d8]" started-at="2025-08-20T15:13:32 IST" name="BrowserTearDown" finished-at="2025-08-20T15:13:33 IST" duration-ms="1383" status="PASS">
          <reporter-output>
          </reporter-output>
        </test-method> <!-- BrowserTearDown -->
        <test-method is-config="true" signature="BrowserLoginSetup(java.lang.String)[pri:0, instance:selp.test@687e99d8]" started-at="2025-08-20T15:13:33 IST" name="BrowserLoginSetup" finished-at="2025-08-20T15:13:38 IST" duration-ms="5027" status="PASS">
          <params>
            <param index="0">
              <value>
                <![CDATA[firefox]]>
              </value>
            </param>
          </params>
          <reporter-output>
          </reporter-output>
        </test-method> <!-- BrowserLoginSetup -->
        <test-method signature="Blank_Password()[pri:0, instance:selp.test@687e99d8]" started-at="2025-08-20T15:13:38 IST" name="Blank_Password" finished-at="2025-08-20T15:13:39 IST" duration-ms="493" status="PASS">
          <reporter-output>
          </reporter-output>
        </test-method> <!-- Blank_Password -->
        <test-method is-config="true" signature="BrowserTearDown()[pri:0, instance:selp.test@687e99d8]" started-at="2025-08-20T15:13:39 IST" name="BrowserTearDown" finished-at="2025-08-20T15:13:40 IST" duration-ms="1759" status="PASS">
          <reporter-output>
          </reporter-output>
        </test-method> <!-- BrowserTearDown -->
        <test-method is-config="true" signature="BrowserLoginSetup(java.lang.String)[pri:0, instance:selp.test@687e99d8]" started-at="2025-08-20T15:13:40 IST" name="BrowserLoginSetup" finished-at="2025-08-20T15:13:46 IST" duration-ms="5441" status="PASS">
          <params>
            <param index="0">
              <value>
                <![CDATA[firefox]]>
              </value>
            </param>
          </params>
          <reporter-output>
          </reporter-output>
        </test-method> <!-- BrowserLoginSetup -->
        <test-method signature="Blank_Username()[pri:0, instance:selp.test@687e99d8]" started-at="2025-08-20T15:13:46 IST" name="Blank_Username" finished-at="2025-08-20T15:13:46 IST" duration-ms="216" status="PASS">
          <reporter-output>
          </reporter-output>
        </test-method> <!-- Blank_Username -->
        <test-method is-config="true" signature="BrowserTearDown()[pri:0, instance:selp.test@687e99d8]" started-at="2025-08-20T15:13:46 IST" name="BrowserTearDown" finished-at="2025-08-20T15:13:47 IST" duration-ms="1324" status="PASS">
          <reporter-output>
          </reporter-output>
        </test-method> <!-- BrowserTearDown -->
        <test-method is-config="true" signature="BrowserLoginSetup(java.lang.String)[pri:0, instance:selp.test@687e99d8]" started-at="2025-08-20T15:13:47 IST" name="BrowserLoginSetup" finished-at="2025-08-20T15:13:53 IST" duration-ms="5254" status="PASS">
          <params>
            <param index="0">
              <value>
                <![CDATA[firefox]]>
              </value>
            </param>
          </params>
          <reporter-output>
          </reporter-output>
        </test-method> <!-- BrowserLoginSetup -->
        <test-method signature="Invalid_Password()[pri:0, instance:selp.test@687e99d8]" started-at="2025-08-20T15:13:53 IST" name="Invalid_Password" finished-at="2025-08-20T15:13:53 IST" duration-ms="537" status="PASS">
          <reporter-output>
          </reporter-output>
        </test-method> <!-- Invalid_Password -->
        <test-method is-config="true" signature="BrowserTearDown()[pri:0, instance:selp.test@687e99d8]" started-at="2025-08-20T15:13:53 IST" name="BrowserTearDown" finished-at="2025-08-20T15:13:55 IST" duration-ms="1301" status="PASS">
          <reporter-output>
          </reporter-output>
        </test-method> <!-- BrowserTearDown -->
        <test-method is-config="true" signature="BrowserLoginSetup(java.lang.String)[pri:0, instance:selp.test@687e99d8]" started-at="2025-08-20T15:13:55 IST" name="BrowserLoginSetup" finished-at="2025-08-20T15:13:59 IST" duration-ms="4728" status="PASS">
          <params>
            <param index="0">
              <value>
                <![CDATA[firefox]]>
              </value>
            </param>
          </params>
          <reporter-output>
          </reporter-output>
        </test-method> <!-- BrowserLoginSetup -->
        <test-method signature="Invalid_Username()[pri:0, instance:selp.test@687e99d8]" started-at="2025-08-20T15:13:59 IST" name="Invalid_Username" finished-at="2025-08-20T15:14:00 IST" duration-ms="429" status="PASS">
          <reporter-output>
          </reporter-output>
        </test-method> <!-- Invalid_Username -->
        <test-method is-config="true" signature="BrowserTearDown()[pri:0, instance:selp.test@687e99d8]" started-at="2025-08-20T15:14:00 IST" name="BrowserTearDown" finished-at="2025-08-20T15:14:01 IST" duration-ms="1395" status="PASS">
          <reporter-output>
          </reporter-output>
        </test-method> <!-- BrowserTearDown -->
        <test-method is-config="true" signature="BrowserLoginSetup(java.lang.String)[pri:0, instance:selp.test@687e99d8]" started-at="2025-08-20T15:14:01 IST" name="BrowserLoginSetup" finished-at="2025-08-20T15:14:06 IST" duration-ms="4825" status="PASS">
          <params>
            <param index="0">
              <value>
                <![CDATA[firefox]]>
              </value>
            </param>
          </params>
          <reporter-output>
          </reporter-output>
        </test-method> <!-- BrowserLoginSetup -->
        <test-method signature="Logout()[pri:0, instance:selp.test@687e99d8]" started-at="2025-08-20T15:14:06 IST" name="Logout" finished-at="2025-08-20T15:14:07 IST" duration-ms="1191" status="PASS">
          <reporter-output>
          </reporter-output>
        </test-method> <!-- Logout -->
        <test-method is-config="true" signature="BrowserTearDown()[pri:0, instance:selp.test@687e99d8]" started-at="2025-08-20T15:14:07 IST" name="BrowserTearDown" finished-at="2025-08-20T15:14:08 IST" duration-ms="1297" status="PASS">
          <reporter-output>
          </reporter-output>
        </test-method> <!-- BrowserTearDown -->
        <test-method is-config="true" signature="BrowserLoginSetup(java.lang.String)[pri:0, instance:selp.test@687e99d8]" started-at="2025-08-20T15:14:08 IST" name="BrowserLoginSetup" finished-at="2025-08-20T15:14:13 IST" duration-ms="4939" status="PASS">
          <params>
            <param index="0">
              <value>
                <![CDATA[firefox]]>
              </value>
            </param>
          </params>
          <reporter-output>
          </reporter-output>
        </test-method> <!-- BrowserLoginSetup -->
        <test-method signature="Navigate_to_Homepage()[pri:0, instance:selp.test@687e99d8]" started-at="2025-08-20T15:14:13 IST" name="Navigate_to_Homepage" finished-at="2025-08-20T15:14:14 IST" duration-ms="906" status="PASS">
          <reporter-output>
          </reporter-output>
        </test-method> <!-- Navigate_to_Homepage -->
        <test-method is-config="true" signature="BrowserTearDown()[pri:0, instance:selp.test@687e99d8]" started-at="2025-08-20T15:14:14 IST" name="BrowserTearDown" finished-at="2025-08-20T15:14:16 IST" duration-ms="1273" status="PASS">
          <reporter-output>
          </reporter-output>
        </test-method> <!-- BrowserTearDown -->
        <test-method is-config="true" signature="BrowserLoginSetup(java.lang.String)[pri:0, instance:selp.test@687e99d8]" started-at="2025-08-20T15:14:16 IST" name="BrowserLoginSetup" finished-at="2025-08-20T15:14:21 IST" duration-ms="5420" status="PASS">
          <params>
            <param index="0">
              <value>
                <![CDATA[firefox]]>
              </value>
            </param>
          </params>
          <reporter-output>
          </reporter-output>
        </test-method> <!-- BrowserLoginSetup -->
        <test-method signature="Remove_Item_from_Cart()[pri:0, instance:selp.test@687e99d8]" started-at="2025-08-20T15:14:21 IST" name="Remove_Item_from_Cart" finished-at="2025-08-20T15:14:22 IST" duration-ms="868" status="PASS">
          <reporter-output>
          </reporter-output>
        </test-method> <!-- Remove_Item_from_Cart -->
        <test-method is-config="true" signature="BrowserTearDown()[pri:0, instance:selp.test@687e99d8]" started-at="2025-08-20T15:14:22 IST" name="BrowserTearDown" finished-at="2025-08-20T15:14:23 IST" duration-ms="1283" status="PASS">
          <reporter-output>
          </reporter-output>
        </test-method> <!-- BrowserTearDown -->
        <test-method is-config="true" signature="BrowserLoginSetup(java.lang.String)[pri:0, instance:selp.test@687e99d8]" started-at="2025-08-20T15:14:23 IST" name="BrowserLoginSetup" finished-at="2025-08-20T15:14:28 IST" duration-ms="4736" status="PASS">
          <params>
            <param index="0">
              <value>
                <![CDATA[firefox]]>
              </value>
            </param>
          </params>
          <reporter-output>
          </reporter-output>
        </test-method> <!-- BrowserLoginSetup -->
        <test-method signature="Valid_Login_Button()[pri:0, instance:selp.test@687e99d8]" started-at="2025-08-20T15:14:28 IST" name="Valid_Login_Button" finished-at="2025-08-20T15:14:29 IST" duration-ms="685" status="PASS">
          <reporter-output>
          </reporter-output>
        </test-method> <!-- Valid_Login_Button -->
        <test-method is-config="true" signature="BrowserTearDown()[pri:0, instance:selp.test@687e99d8]" started-at="2025-08-20T15:14:29 IST" name="BrowserTearDown" finished-at="2025-08-20T15:14:30 IST" duration-ms="1304" status="PASS">
          <reporter-output>
          </reporter-output>
        </test-method> <!-- BrowserTearDown -->
        <test-method is-config="true" signature="BrowserLoginSetup(java.lang.String)[pri:0, instance:selp.test@687e99d8]" started-at="2025-08-20T15:14:30 IST" name="BrowserLoginSetup" finished-at="2025-08-20T15:14:35 IST" duration-ms="4868" status="PASS">
          <params>
            <param index="0">
              <value>
                <![CDATA[firefox]]>
              </value>
            </param>
          </params>
          <reporter-output>
          </reporter-output>
        </test-method> <!-- BrowserLoginSetup -->
        <test-method signature="Valid_Login_Enter()[pri:0, instance:selp.test@687e99d8]" started-at="2025-08-20T15:14:35 IST" name="Valid_Login_Enter" finished-at="2025-08-20T15:14:35 IST" duration-ms="646" status="PASS">
          <reporter-output>
          </reporter-output>
        </test-method> <!-- Valid_Login_Enter -->
        <test-method is-config="true" signature="BrowserTearDown()[pri:0, instance:selp.test@687e99d8]" started-at="2025-08-20T15:14:35 IST" name="BrowserTearDown" finished-at="2025-08-20T15:14:37 IST" duration-ms="1316" status="PASS">
          <reporter-output>
          </reporter-output>
        </test-method> <!-- BrowserTearDown -->
      </class> <!-- selp.test -->
    </test> <!-- Firefox test -->
  </suite> <!-- Default suite -->
</testng-results>
